21:22:09,434 ERROR CrawlController main No CrawlBehavior was specified: Use ConfigSingleton.setCustomCallBehavior() com.itiniu.iticrawler.util.exceptions.NoCrawlBehaviorProvidedException: No CrawlBehabior was specified!
	at com.itiniu.iticrawler.crawler.crawling.impl.CrawlController.initComponents(CrawlController.java:151)
	at com.itiniu.iticrawler.crawler.crawling.impl.CrawlController.<init>(CrawlController.java:71)
	at com.itiniu.itispider.App.main(App.java:16)

21:22:53,909 ERROR CrawlController main No CrawlBehavior was specified: Use ConfigSingleton.setCustomCallBehavior() com.itiniu.iticrawler.util.exceptions.NoCrawlBehaviorProvidedException: No CrawlBehabior was specified!
	at com.itiniu.iticrawler.crawler.crawling.impl.CrawlController.initComponents(CrawlController.java:151)
	at com.itiniu.iticrawler.crawler.crawling.impl.CrawlController.<init>(CrawlController.java:71)
	at com.itiniu.itispider.App.main(App.java:16)

21:23:27,977 ERROR CrawlController main No CrawlBehavior was specified: Use ConfigSingleton.setCustomCallBehavior() com.itiniu.iticrawler.util.exceptions.NoCrawlBehaviorProvidedException: No CrawlBehabior was specified!
	at com.itiniu.iticrawler.crawler.crawling.impl.CrawlController.initComponents(CrawlController.java:151)
	at com.itiniu.iticrawler.crawler.crawling.impl.CrawlController.<init>(CrawlController.java:71)
	at com.itiniu.itispider.App.main(App.java:16)

21:26:54,545 ERROR CrawlController main No CrawlBehavior was specified: Use ConfigSingleton.setCustomCallBehavior() com.itiniu.iticrawler.util.exceptions.NoCrawlBehaviorProvidedException: No CrawlBehabior was specified!
	at com.itiniu.iticrawler.crawler.crawling.impl.CrawlController.initComponents(CrawlController.java:151)
	at com.itiniu.iticrawler.crawler.crawling.impl.CrawlController.<init>(CrawlController.java:71)
	at com.itiniu.itispider.App.main(App.java:16)

21:27:05,451 ERROR CrawlController main An error occured while creating a crawler thread java.lang.IllegalAccessException: Class com.itiniu.iticrawler.crawler.crawling.impl.CrawlController can not access a member of class com.itiniu.itispider.App$1 with modifiers ""
	at sun.reflect.Reflection.ensureMemberAccess(Reflection.java:102)
	at java.lang.Class.newInstance(Class.java:436)
	at com.itiniu.iticrawler.crawler.crawling.impl.CrawlController.buildCrawler(CrawlController.java:214)
	at com.itiniu.iticrawler.crawler.crawling.impl.CrawlController.startCrawling(CrawlController.java:117)
	at com.itiniu.itispider.App.main(App.java:41)

21:56:09,485 ERROR Page pool-2-thread-1 url error: http://adserver.adtech.de/adlink|3.0|1101|4945939|0|16|ADTECH;Adid=12250760;BnId=1 java.net.MalformedURLException
	at java.net.URL.<init>(URL.java:620)
	at java.net.URL.<init>(URL.java:483)
	at java.net.URL.<init>(URL.java:432)
	at com.itiniu.iticrawler.httptools.impl.URLInfo.<init>(URLInfo.java:145)
	at com.itiniu.iticrawler.httptools.impl.URLInfo.<init>(URLInfo.java:20)
	at com.itiniu.iticrawler.httptools.impl.URLInfo$Builder.build(URLInfo.java:271)
	at com.itiniu.iticrawler.crawler.crawling.impl.Page.setOutgoingURLs(Page.java:103)
	at com.itiniu.iticrawler.crawler.crawling.impl.Crawler.crawlPageToString(Crawler.java:449)
	at com.itiniu.iticrawler.crawler.crawling.impl.Crawler.crawlPage(Crawler.java:269)
	at com.itiniu.iticrawler.crawler.crawling.impl.Crawler.execute(Crawler.java:148)
	at com.itiniu.iticrawler.crawler.crawling.impl.Crawler.run(Crawler.java:90)
	at java.util.concurrent.ThreadPoolExecutor.runWorker(ThreadPoolExecutor.java:1142)
	at java.util.concurrent.ThreadPoolExecutor$Worker.run(ThreadPoolExecutor.java:617)
	at java.lang.Thread.run(Thread.java:745)
Caused by: java.lang.NullPointerException
	at java.net.URL.<init>(URL.java:525)
	... 13 more

21:56:09,487 ERROR Page pool-2-thread-1 url error: http://adserver.adtech.de/adserv|3.0|1101|4945939|0|16|ADTECH;Adid=12250760;BnId=1 java.net.MalformedURLException
	at java.net.URL.<init>(URL.java:620)
	at java.net.URL.<init>(URL.java:483)
	at java.net.URL.<init>(URL.java:432)
	at com.itiniu.iticrawler.httptools.impl.URLInfo.<init>(URLInfo.java:145)
	at com.itiniu.iticrawler.httptools.impl.URLInfo.<init>(URLInfo.java:20)
	at com.itiniu.iticrawler.httptools.impl.URLInfo$Builder.build(URLInfo.java:271)
	at com.itiniu.iticrawler.crawler.crawling.impl.Page.setOutgoingURLs(Page.java:103)
	at com.itiniu.iticrawler.crawler.crawling.impl.Crawler.crawlPageToString(Crawler.java:449)
	at com.itiniu.iticrawler.crawler.crawling.impl.Crawler.crawlPage(Crawler.java:269)
	at com.itiniu.iticrawler.crawler.crawling.impl.Crawler.execute(Crawler.java:148)
	at com.itiniu.iticrawler.crawler.crawling.impl.Crawler.run(Crawler.java:90)
	at java.util.concurrent.ThreadPoolExecutor.runWorker(ThreadPoolExecutor.java:1142)
	at java.util.concurrent.ThreadPoolExecutor$Worker.run(ThreadPoolExecutor.java:617)
	at java.lang.Thread.run(Thread.java:745)
Caused by: java.lang.NullPointerException
	at java.net.URL.<init>(URL.java:525)
	... 13 more

