22:34:18,254 ERROR Page pool-9-thread-1 url error: http://adserver.adtech.de/adlink|3.0|1101|4945939|0|16|ADTECH;Adid=12250760;BnId=1 java.net.MalformedURLException
	at java.net.URL.<init>(URL.java:620)
	at java.net.URL.<init>(URL.java:483)
	at java.net.URL.<init>(URL.java:432)
	at com.itiniu.iticrawler.httptools.impl.URLInfo.<init>(URLInfo.java:145)
	at com.itiniu.iticrawler.httptools.impl.URLInfo.<init>(URLInfo.java:20)
	at com.itiniu.iticrawler.httptools.impl.URLInfo$Builder.build(URLInfo.java:271)
	at com.itiniu.iticrawler.crawler.crawling.impl.Page.setOutgoingURLs(Page.java:103)
	at com.itiniu.iticrawler.crawler.crawling.impl.Crawler.crawlPageToString(Crawler.java:446)
	at com.itiniu.iticrawler.crawler.crawling.impl.Crawler.crawlPage(Crawler.java:266)
	at com.itiniu.iticrawler.crawler.crawling.impl.Crawler.execute(Crawler.java:145)
	at com.itiniu.iticrawler.crawler.crawling.impl.Crawler.run(Crawler.java:87)
	at java.util.concurrent.ThreadPoolExecutor.runWorker(ThreadPoolExecutor.java:1142)
	at java.util.concurrent.ThreadPoolExecutor$Worker.run(ThreadPoolExecutor.java:617)
	at java.lang.Thread.run(Thread.java:745)
Caused by: java.lang.NullPointerException
	at java.net.URL.<init>(URL.java:525)
	... 13 more

22:34:18,258 ERROR Page pool-9-thread-1 url error: http://adserver.adtech.de/adserv|3.0|1101|4945939|0|16|ADTECH;Adid=12250760;BnId=1 java.net.MalformedURLException
	at java.net.URL.<init>(URL.java:620)
	at java.net.URL.<init>(URL.java:483)
	at java.net.URL.<init>(URL.java:432)
	at com.itiniu.iticrawler.httptools.impl.URLInfo.<init>(URLInfo.java:145)
	at com.itiniu.iticrawler.httptools.impl.URLInfo.<init>(URLInfo.java:20)
	at com.itiniu.iticrawler.httptools.impl.URLInfo$Builder.build(URLInfo.java:271)
	at com.itiniu.iticrawler.crawler.crawling.impl.Page.setOutgoingURLs(Page.java:103)
	at com.itiniu.iticrawler.crawler.crawling.impl.Crawler.crawlPageToString(Crawler.java:446)
	at com.itiniu.iticrawler.crawler.crawling.impl.Crawler.crawlPage(Crawler.java:266)
	at com.itiniu.iticrawler.crawler.crawling.impl.Crawler.execute(Crawler.java:145)
	at com.itiniu.iticrawler.crawler.crawling.impl.Crawler.run(Crawler.java:87)
	at java.util.concurrent.ThreadPoolExecutor.runWorker(ThreadPoolExecutor.java:1142)
	at java.util.concurrent.ThreadPoolExecutor$Worker.run(ThreadPoolExecutor.java:617)
	at java.lang.Thread.run(Thread.java:745)
Caused by: java.lang.NullPointerException
	at java.net.URL.<init>(URL.java:525)
	... 13 more

