17:35:52,727 INFO  ConfigSingleton main ITICRAWLER: Loading properties! 
17:35:52,854 INFO  CrawlController main Initialize Dataholders: Frontier and RobotTxt 
17:35:59,103 INFO  PersistentFrontier main Starting cassandra in dir storage 
17:37:06,124 INFO  PersistentFrontier main Cassandra config file: storage/cassandra.yaml 
17:38:28,291 INFO  ConfigSingleton main ITICRAWLER: Loading properties! 
17:38:28,402 INFO  CrawlController main Initialize Dataholders: Frontier and RobotTxt 
17:38:34,578 INFO  PersistentFrontier main Starting cassandra in dir storage 
17:39:00,848 INFO  PersistentFrontier main Cassandra config file: storage/cassandra.yaml 
18:34:29,877 INFO  ConfigSingleton main ITICRAWLER: Loading properties! 
18:34:30,006 INFO  CrawlController main Initialize Dataholders: Frontier and RobotTxt 
18:34:36,191 INFO  PersistentFrontier main Starting cassandra in dir storage 
18:34:36,206 INFO  PersistentFrontier main Cassandra config file: storage/cassandra.yaml 
18:34:38,427 INFO  PersistentFrontier main Started cassandra deamon 
18:34:38,466 INFO  CrawlController main Initialize HTTP Connection pool! 
18:34:38,648 INFO  CrawlController main Components are initialized! 
18:34:38,735 DEBUG  Crawler pool-4-thread-2 Loading URL: http://www.nba.com/ 
18:34:39,847 DEBUG  Crawler pool-4-thread-2 Fetching robots.txt for url: www.nba.com 
18:34:40,957 DEBUG  Crawler pool-4-thread-2 Loading URL: http://www.spox.com/nba/?gr=www 
18:34:40,958 DEBUG  Crawler pool-4-thread-2 Fetching robots.txt for url: www.spox.com 
18:34:44,464 DEBUG  Crawler pool-4-thread-2 Loading URL: http://www.spox.com/de/sport/ussport/nba/index.html 
22:03:36,577 INFO  ConfigSingleton main ITICRAWLER: Loading properties! 
22:03:36,695 INFO  CrawlController main Initialize Dataholders: Frontier and RobotTxt 
22:03:42,989 INFO  PersistentFrontier main Starting cassandra in dir storage 
22:03:43,002 INFO  PersistentFrontier main Cassandra config file: storage/cassandra.yaml 
22:04:14,715 INFO  ConfigSingleton main ITICRAWLER: Loading properties! 
22:04:14,839 INFO  CrawlController main Initialize Dataholders: Frontier and RobotTxt 
22:04:21,034 INFO  PersistentFrontier main Starting cassandra in dir storage 
22:04:21,046 INFO  PersistentFrontier main Cassandra config file: storage/cassandra.yaml 
22:04:23,338 INFO  PersistentFrontier main Started cassandra deamon 
22:05:09,002 INFO  ConfigSingleton main ITICRAWLER: Loading properties! 
22:05:09,110 INFO  CrawlController main Initialize Dataholders: Frontier and RobotTxt 
22:05:15,287 INFO  PersistentFrontier main Starting cassandra in dir storage 
22:05:15,298 INFO  PersistentFrontier main Cassandra config file: storage/cassandra.yaml 
22:05:17,531 INFO  PersistentFrontier main Started cassandra deamon 
22:06:02,231 INFO  ConfigSingleton main ITICRAWLER: Loading properties! 
22:06:02,341 INFO  CrawlController main Initialize Dataholders: Frontier and RobotTxt 
22:06:08,537 INFO  PersistentFrontier main Starting cassandra in dir storage 
22:06:08,549 INFO  PersistentFrontier main Cassandra config file: storage/cassandra.yaml 
22:06:10,876 INFO  PersistentFrontier main Started cassandra deamon 
22:07:07,684 INFO  ConfigSingleton main ITICRAWLER: Loading properties! 
22:07:07,785 INFO  CrawlController main Initialize Dataholders: Frontier and RobotTxt 
22:07:13,964 INFO  PersistentFrontier main Starting cassandra in dir storage 
22:07:13,979 INFO  PersistentFrontier main Cassandra config file: storage/cassandra.yaml 
22:07:16,221 INFO  PersistentFrontier main Started cassandra deamon 
22:22:30,221 INFO  ConfigSingleton main ITICRAWLER: Loading properties! 
22:22:30,328 INFO  CrawlController main Initialize Dataholders: Frontier and RobotTxt 
22:22:36,548 INFO  PersistentFrontier main Starting cassandra in dir storage 
22:22:36,562 INFO  PersistentFrontier main Cassandra config file: storage/cassandra.yaml 
22:22:38,992 INFO  PersistentFrontier main Started cassandra deamon 
22:25:21,304 INFO  ConfigSingleton main ITICRAWLER: Loading properties! 
22:25:21,417 INFO  CrawlController main Initialize Dataholders: Frontier and RobotTxt 
22:25:27,614 INFO  PersistentFrontier main Starting cassandra in dir storage 
22:25:27,626 INFO  PersistentFrontier main Cassandra config file: storage/cassandra.yaml 
22:25:29,899 INFO  PersistentFrontier main Started cassandra deamon 
22:29:55,323 INFO  ConfigSingleton main ITICRAWLER: Loading properties! 
22:29:55,436 INFO  CrawlController main Initialize Dataholders: Frontier and RobotTxt 
22:30:01,646 INFO  PersistentFrontier main Starting cassandra in dir storage 
22:30:01,657 INFO  PersistentFrontier main Cassandra config file: storage/cassandra.yaml 
22:30:03,978 INFO  PersistentFrontier main Started cassandra deamon 
22:34:13,364 INFO  ConfigSingleton main ITICRAWLER: Loading properties! 
22:34:13,475 INFO  CrawlController main Initialize Dataholders: Frontier and RobotTxt 
22:34:19,632 INFO  PersistentFrontier main Starting cassandra in dir storage 
22:34:19,643 INFO  PersistentFrontier main Cassandra config file: storage/cassandra.yaml 
22:34:21,788 INFO  PersistentFrontier main Started cassandra deamon 
22:37:25,682 INFO  ConfigSingleton main ITICRAWLER: Loading properties! 
22:37:25,795 INFO  CrawlController main Initialize Dataholders: Frontier and RobotTxt 
22:37:31,995 INFO  PersistentFrontier main Starting cassandra in dir storage 
22:37:32,006 INFO  PersistentFrontier main Cassandra config file: storage/cassandra.yaml 
22:37:34,215 INFO  PersistentFrontier main Started cassandra deamon 
22:40:30,167 INFO  ConfigSingleton main ITICRAWLER: Loading properties! 
22:40:30,272 INFO  CrawlController main Initialize Dataholders: Frontier and RobotTxt 
22:40:36,482 INFO  PersistentFrontier main Starting cassandra in dir storage 
22:40:36,494 INFO  PersistentFrontier main Cassandra config file: storage/cassandra.yaml 
22:40:38,803 INFO  PersistentFrontier main Started cassandra deamon 
22:42:13,569 INFO  ConfigSingleton main ITICRAWLER: Loading properties! 
22:42:13,673 INFO  CrawlController main Initialize Dataholders: Frontier and RobotTxt 
22:42:19,847 INFO  PersistentFrontier main Starting cassandra in dir storage 
22:42:19,859 INFO  PersistentFrontier main Cassandra config file: storage/cassandra.yaml 
22:42:22,154 INFO  PersistentFrontier main Started cassandra deamon 
22:43:11,146 INFO  ConfigSingleton main ITICRAWLER: Loading properties! 
22:43:11,252 INFO  CrawlController main Initialize Dataholders: Frontier and RobotTxt 
22:43:17,438 INFO  PersistentFrontier main Starting cassandra in dir storage 
22:43:17,449 INFO  PersistentFrontier main Cassandra config file: storage/cassandra.yaml 
22:43:19,734 INFO  PersistentFrontier main Started cassandra deamon 
22:43:43,322 INFO  CrawlController main Initialize HTTP Connection pool! 
22:43:43,483 INFO  CrawlController main Components are initialized! 
22:43:43,558 DEBUG  Crawler pool-9-thread-1 Loading URL: http://www.nba.com/ 
22:43:43,609 DEBUG  Crawler pool-9-thread-1 Fetching robots.txt for url: www.nba.com 
22:43:44,161 DEBUG  Crawler pool-9-thread-1 Loading URL: http://www.spox.com/nba/?gr=www 
22:43:44,162 DEBUG  Crawler pool-9-thread-1 Fetching robots.txt for url: www.spox.com 
22:43:48,573 DEBUG  Crawler pool-9-thread-1 Loading URL: http://www.spox.com/de/sport/ussport/nba/index.html 
